{"logTime": "0111/114453", "correlationVector":"w3uuNzbZpZRSPMbyLDxHmX.0","action":"FeedSettingFetch_homeCloud", "result":"0", "context":{}}
{"logTime": "0111/114453", "correlationVector":"732y2A0DAjudb1MqenBcwg.1","action":"SyncServerConnectionManagerRequest", "result":"SYNC_SERVER_OK", "context":{"environment":"Prod_NorthEurope_x00f", "server":"GENERAL0100000A"}}
{"logTime": "0111/114453", "correlationVector":"732y2A0DAjudb1MqenBcwg","action":"Initial GetUpdates", "result":"", "context":Reason: NEW_CLIENT. cV=732y2A0DAjudb1MqenBcwg}
{"logTime": "0111/114453", "correlationVector":"732y2A0DAjudb1MqenBcwg.2","action":"GetUpdates Response", "result":"SYNCER_OK", "context":Received 1 update(s). cV=732y2A0DAjudb1MqenBcwg.0;server=GENERAL0100000A;cloudType=Consumer;environment=Prod_NorthEurope_x00f}
{"logTime": "0111/114453", "correlationVector":"3GfjBBw4ejMeCszVN6EoS4","action":"Initial GetUpdates", "result":"", "context":Reason: NEW_CLIENT. cV=3GfjBBw4ejMeCszVN6EoS4}
{"logTime": "0111/114453", "correlationVector":"3GfjBBw4ejMeCszVN6EoS4.1","action":"SyncServerConnectionManagerRequest", "result":"SYNC_SERVER_OK", "context":{"environment":"Prod_NorthEurope_x00f", "server":"GENERAL0100001Q"}}
{"logTime": "0111/114453", "correlationVector":"3GfjBBw4ejMeCszVN6EoS4.2","action":"GetUpdates Response", "result":"SYNCER_OK", "context":Received 16 update(s). cV=3GfjBBw4ejMeCszVN6EoS4.0;server=GENERAL0100001Q;cloudType=Consumer;environment=Prod_NorthEurope_x00f}
{"logTime": "0111/114453", "correlationVector":"PTVaJT3TPU/Vlnl9GZxjPI","action":"Normal GetUpdate request", "result":"", "context":cV=PTVaJT3TPU/Vlnl9GZxjPI
Nudged types: Device Info, User Consents
Refresh requested types: Device Info, User Consents, Send Tab To Self, Encryption Keys}
{"logTime": "0111/114453", "correlationVector":"PTVaJT3TPU/Vlnl9GZxjPI.1","action":"SyncServerConnectionManagerRequest", "result":"SYNC_SERVER_OK", "context":{"environment":"Prod_NorthEurope_x00f", "server":"GENERAL0100000G"}}
{"logTime": "0111/114453", "correlationVector":"PTVaJT3TPU/Vlnl9GZxjPI.2","action":"GetUpdates Response", "result":"SYNCER_OK", "context":Received 0 update(s). cV=PTVaJT3TPU/Vlnl9GZxjPI.0;server=GENERAL0100000G;cloudType=Consumer;environment=Prod_NorthEurope_x00f}
{"logTime": "0111/114453", "correlationVector":"HMR+m4dyOJAdbML4MVrMmR","action":"Commit Request", "result":"", "context":Item count: 1
Contributing types: Device Info}
{"logTime": "0111/114453", "correlationVector":"HMR+m4dyOJAdbML4MVrMmR.1","action":"SyncServerConnectionManagerRequest", "result":"SYNC_SERVER_OK", "context":{"environment":"Prod_NorthEurope_x00f", "server":"GENERAL01000003"}}
{"logTime": "0111/114453", "correlationVector":"HMR+m4dyOJAdbML4MVrMmR.2","action":"Commit Response", "result":"SYNCER_OK", "context":Result: SYNCER_OK. cV=HMR+m4dyOJAdbML4MVrMmR.0;server=GENERAL01000003;cloudType=Consumer;environment=Prod_NorthEurope_x00f}
{"logTime": "0111/114453", "correlationVector":"FRLAH93luAvhBRVV0fxyvN","action":"Commit Request", "result":"", "context":Item count: 1
Contributing types: User Consents}
{"logTime": "0111/114453", "correlationVector":"FRLAH93luAvhBRVV0fxyvN.1","action":"SyncServerConnectionManagerRequest", "result":"SYNC_SERVER_OK", "context":{"environment":"Prod_NorthEurope_x00f", "server":"GENERAL0100002A"}}
{"logTime": "0111/114453", "correlationVector":"FRLAH93luAvhBRVV0fxyvN.2","action":"Commit Response", "result":"SYNCER_OK", "context":Result: SYNCER_OK. cV=FRLAH93luAvhBRVV0fxyvN.0;server=GENERAL0100002A;cloudType=Consumer;environment=Prod_NorthEurope_x00f}
{"logTime": "0111/114453", "correlationVector":"bTaZ6eCDr2cyyG8S8Dr2dZ","action":"Normal GetUpdate request", "result":"", "context":cV=bTaZ6eCDr2cyyG8S8Dr2dZ
Nudged types: Device Info}
{"logTime": "0111/114453", "correlationVector":"bTaZ6eCDr2cyyG8S8Dr2dZ.1","action":"SyncServerConnectionManagerRequest", "result":"SYNC_SERVER_OK", "context":{"environment":"Prod_WestEurope_000l", "server":"general0100000L"}}
{"logTime": "0111/114453", "correlationVector":"bTaZ6eCDr2cyyG8S8Dr2dZ.2","action":"GetUpdates Response", "result":"SYNCER_OK", "context":Received 1 update(s). cV=bTaZ6eCDr2cyyG8S8Dr2dZ.0;server=general0100000L;cloudType=Consumer;environment=Prod_WestEurope_000l}
